[INFO] Scanning for projects...
[INFO] 
[INFO] ----------------------< com.formbuilder:backend >-----------------------
[INFO] Building backend 0.0.1-SNAPSHOT
[INFO] --------------------------------[ jar ]---------------------------------
[INFO] 
[INFO] >>> spring-boot-maven-plugin:3.2.2:run (default-cli) > test-compile @ backend >>>
[INFO] 
[INFO] --- maven-resources-plugin:3.3.1:resources (default-resources) @ backend ---
[INFO] Copying 1 resource from src/main/resources to target/classes
[INFO] Copying 0 resource from src/main/resources to target/classes
[INFO] 
[INFO] --- maven-compiler-plugin:3.11.0:compile (default-compile) @ backend ---
[INFO] Nothing to compile - all classes are up to date
[INFO] 
[INFO] --- maven-resources-plugin:3.3.1:testResources (default-testResources) @ backend ---
[INFO] skip non existing resourceDirectory /Users/leiyao/work/form-builder/backend/src/test/resources
[INFO] 
[INFO] --- maven-compiler-plugin:3.11.0:testCompile (default-testCompile) @ backend ---
[INFO] Nothing to compile - all classes are up to date
[INFO] 
[INFO] <<< spring-boot-maven-plugin:3.2.2:run (default-cli) < test-compile @ backend <<<
[INFO] 
[INFO] 
[INFO] --- spring-boot-maven-plugin:3.2.2:run (default-cli) @ backend ---
[INFO] Attaching agents: []

  .   ____          _            __ _ _
 /\\ / ___'_ __ _ _(_)_ __  __ _ \ \ \ \
( ( )\___ | '_ | '_| | '_ \/ _` | \ \ \ \
 \\/  ___)| |_)| | | | | || (_| |  ) ) ) )
  '  |____| .__|_| |_|_| |_\__, | / / / /
 =========|_|==============|___/=/_/_/_/
[32m :: Spring Boot :: [39m              [2m (v3.2.2)[0;39m

[2m2025-06-09T10:55:12.529+10:00[0;39m [32m INFO[0;39m [35m37824[0;39m [2m---[0;39m [2m[           main][0;39m [2m[0;39m[36mc.f.backend.BackendApplication          [0;39m [2m:[0;39m Starting BackendApplication using Java 23.0.1 with PID 37824 (/Users/leiyao/work/form-builder/backend/target/classes started by leiyao in /Users/leiyao/work/form-builder/backend)
[2m2025-06-09T10:55:12.532+10:00[0;39m [32m INFO[0;39m [35m37824[0;39m [2m---[0;39m [2m[           main][0;39m [2m[0;39m[36mc.f.backend.BackendApplication          [0;39m [2m:[0;39m No active profile set, falling back to 1 default profile: "default"
[2m2025-06-09T10:55:13.240+10:00[0;39m [32m INFO[0;39m [35m37824[0;39m [2m---[0;39m [2m[           main][0;39m [2m[0;39m[36m.s.d.r.c.RepositoryConfigurationDelegate[0;39m [2m:[0;39m Bootstrapping Spring Data JPA repositories in DEFAULT mode.
[2m2025-06-09T10:55:13.297+10:00[0;39m [32m INFO[0;39m [35m37824[0;39m [2m---[0;39m [2m[           main][0;39m [2m[0;39m[36m.s.d.r.c.RepositoryConfigurationDelegate[0;39m [2m:[0;39m Finished Spring Data repository scanning in 50 ms. Found 3 JPA repository interfaces.
[2m2025-06-09T10:55:15.039+10:00[0;39m [32m INFO[0;39m [35m37824[0;39m [2m---[0;39m [2m[           main][0;39m [2m[0;39m[36mo.s.b.w.embedded.tomcat.TomcatWebServer [0;39m [2m:[0;39m Tomcat initialized with port 8080 (http)
[2m2025-06-09T10:55:15.061+10:00[0;39m [32m INFO[0;39m [35m37824[0;39m [2m---[0;39m [2m[           main][0;39m [2m[0;39m[36mo.apache.catalina.core.StandardService  [0;39m [2m:[0;39m Starting service [Tomcat]
[2m2025-06-09T10:55:15.062+10:00[0;39m [32m INFO[0;39m [35m37824[0;39m [2m---[0;39m [2m[           main][0;39m [2m[0;39m[36mo.apache.catalina.core.StandardEngine   [0;39m [2m:[0;39m Starting Servlet engine: [Apache Tomcat/10.1.18]
[2m2025-06-09T10:55:15.197+10:00[0;39m [32m INFO[0;39m [35m37824[0;39m [2m---[0;39m [2m[           main][0;39m [2m[0;39m[36mo.a.c.c.C.[Tomcat].[localhost].[/]      [0;39m [2m:[0;39m Initializing Spring embedded WebApplicationContext
[2m2025-06-09T10:55:15.199+10:00[0;39m [32m INFO[0;39m [35m37824[0;39m [2m---[0;39m [2m[           main][0;39m [2m[0;39m[36mw.s.c.ServletWebServerApplicationContext[0;39m [2m:[0;39m Root WebApplicationContext: initialization completed in 2604 ms
[2m2025-06-09T10:55:15.337+10:00[0;39m [32m INFO[0;39m [35m37824[0;39m [2m---[0;39m [2m[           main][0;39m [2m[0;39m[36mcom.zaxxer.hikari.HikariDataSource      [0;39m [2m:[0;39m HikariPool-1 - Starting...
[2m2025-06-09T10:55:15.650+10:00[0;39m [32m INFO[0;39m [35m37824[0;39m [2m---[0;39m [2m[           main][0;39m [2m[0;39m[36mcom.zaxxer.hikari.pool.HikariPool       [0;39m [2m:[0;39m HikariPool-1 - Added connection conn0: url=jdbc:h2:mem:formbuilderdb user=SA
[2m2025-06-09T10:55:15.653+10:00[0;39m [32m INFO[0;39m [35m37824[0;39m [2m---[0;39m [2m[           main][0;39m [2m[0;39m[36mcom.zaxxer.hikari.HikariDataSource      [0;39m [2m:[0;39m HikariPool-1 - Start completed.
[2m2025-06-09T10:55:15.683+10:00[0;39m [32m INFO[0;39m [35m37824[0;39m [2m---[0;39m [2m[           main][0;39m [2m[0;39m[36mo.s.b.a.h2.H2ConsoleAutoConfiguration   [0;39m [2m:[0;39m H2 console available at '/h2-console'. Database available at 'jdbc:h2:mem:formbuilderdb'
[2m2025-06-09T10:55:15.821+10:00[0;39m [32m INFO[0;39m [35m37824[0;39m [2m---[0;39m [2m[           main][0;39m [2m[0;39m[36mo.hibernate.jpa.internal.util.LogHelper [0;39m [2m:[0;39m HHH000204: Processing PersistenceUnitInfo [name: default]
[2m2025-06-09T10:55:15.877+10:00[0;39m [32m INFO[0;39m [35m37824[0;39m [2m---[0;39m [2m[           main][0;39m [2m[0;39m[36morg.hibernate.Version                   [0;39m [2m:[0;39m HHH000412: Hibernate ORM core version 6.4.1.Final
[2m2025-06-09T10:55:15.904+10:00[0;39m [32m INFO[0;39m [35m37824[0;39m [2m---[0;39m [2m[           main][0;39m [2m[0;39m[36mo.h.c.internal.RegionFactoryInitiator   [0;39m [2m:[0;39m HHH000026: Second-level cache disabled
[2m2025-06-09T10:55:16.124+10:00[0;39m [32m INFO[0;39m [35m37824[0;39m [2m---[0;39m [2m[           main][0;39m [2m[0;39m[36mo.s.o.j.p.SpringPersistenceUnitInfo     [0;39m [2m:[0;39m No LoadTimeWeaver setup: ignoring JPA class transformer
[2m2025-06-09T10:55:16.162+10:00[0;39m [33m WARN[0;39m [35m37824[0;39m [2m---[0;39m [2m[           main][0;39m [2m[0;39m[36morg.hibernate.orm.deprecation           [0;39m [2m:[0;39m HHH90000025: H2Dialect does not need to be specified explicitly using 'hibernate.dialect' (remove the property setting and it will be selected by default)
[2m2025-06-09T10:55:17.215+10:00[0;39m [32m INFO[0;39m [35m37824[0;39m [2m---[0;39m [2m[           main][0;39m [2m[0;39m[36mo.h.e.t.j.p.i.JtaPlatformInitiator      [0;39m [2m:[0;39m HHH000489: No JTA platform available (set 'hibernate.transaction.jta.platform' to enable JTA platform integration)
[2m2025-06-09T10:55:17.286+10:00[0;39m [32m INFO[0;39m [35m37824[0;39m [2m---[0;39m [2m[           main][0;39m [2m[0;39m[36mj.LocalContainerEntityManagerFactoryBean[0;39m [2m:[0;39m Initialized JPA EntityManagerFactory for persistence unit 'default'
[2m2025-06-09T10:55:17.617+10:00[0;39m [33m WARN[0;39m [35m37824[0;39m [2m---[0;39m [2m[           main][0;39m [2m[0;39m[36mJpaBaseConfiguration$JpaWebConfiguration[0;39m [2m:[0;39m spring.jpa.open-in-view is enabled by default. Therefore, database queries may be performed during view rendering. Explicitly configure spring.jpa.open-in-view to disable this warning
[2m2025-06-09T10:55:17.864+10:00[0;39m [32m INFO[0;39m [35m37824[0;39m [2m---[0;39m [2m[           main][0;39m [2m[0;39m[36mo.s.b.w.embedded.tomcat.TomcatWebServer [0;39m [2m:[0;39m Tomcat started on port 8080 (http) with context path ''
[2m2025-06-09T10:55:17.872+10:00[0;39m [32m INFO[0;39m [35m37824[0;39m [2m---[0;39m [2m[           main][0;39m [2m[0;39m[36mc.f.backend.BackendApplication          [0;39m [2m:[0;39m Started BackendApplication in 5.704 seconds (process running for 6.192)
[2m2025-06-09T10:55:18.136+10:00[0;39m [32m INFO[0;39m [35m37824[0;39m [2m---[0;39m [2m[nio-8080-exec-1][0;39m [2m[0;39m[36mo.a.c.c.C.[Tomcat].[localhost].[/]      [0;39m [2m:[0;39m Initializing Spring DispatcherServlet 'dispatcherServlet'
[2m2025-06-09T10:55:18.136+10:00[0;39m [32m INFO[0;39m [35m37824[0;39m [2m---[0;39m [2m[nio-8080-exec-1][0;39m [2m[0;39m[36mo.s.web.servlet.DispatcherServlet       [0;39m [2m:[0;39m Initializing Servlet 'dispatcherServlet'
[2m2025-06-09T10:55:18.137+10:00[0;39m [32m INFO[0;39m [35m37824[0;39m [2m---[0;39m [2m[nio-8080-exec-1][0;39m [2m[0;39m[36mo.s.web.servlet.DispatcherServlet       [0;39m [2m:[0;39m Completed initialization in 1 ms
DataLoader: Test Form 1 created with ID: 1
DataLoader: Page 'Personal Information' created with ID: 1 for Form ID: 1
DataLoader: Component 'First Name' created with ID: 1 for Page ID: 1
DataLoader: Component 'Email' created with ID: 4 nested under Component ID: 3
[2m2025-06-09T11:26:20.592+10:00[0;39m [33m WARN[0;39m [35m37824[0;39m [2m---[0;39m [2m[l-1 housekeeper][0;39m [2m[0;39m[36mcom.zaxxer.hikari.pool.HikariPool       [0;39m [2m:[0;39m HikariPool-1 - Thread starvation or clock leap detected (housekeeper delta=1m20s452ms).
[2m2025-06-09T11:28:09.211+10:00[0;39m [33m WARN[0;39m [35m37824[0;39m [2m---[0;39m [2m[l-1 housekeeper][0;39m [2m[0;39m[36mcom.zaxxer.hikari.pool.HikariPool       [0;39m [2m:[0;39m HikariPool-1 - Thread starvation or clock leap detected (housekeeper delta=1m48s617ms).
[2m2025-06-09T11:33:37.897+10:00[0;39m [33m WARN[0;39m [35m37824[0;39m [2m---[0;39m [2m[l-1 housekeeper][0;39m [2m[0;39m[36mcom.zaxxer.hikari.pool.HikariPool       [0;39m [2m:[0;39m HikariPool-1 - Thread starvation or clock leap detected (housekeeper delta=1m28s644ms).
[2m2025-06-09T11:37:20.634+10:00[0;39m [33m WARN[0;39m [35m37824[0;39m [2m---[0;39m [2m[l-1 housekeeper][0;39m [2m[0;39m[36mcom.zaxxer.hikari.pool.HikariPool       [0;39m [2m:[0;39m HikariPool-1 - Thread starvation or clock leap detected (housekeeper delta=3m42s739ms).
[2m2025-06-09T11:41:54.155+10:00[0;39m [33m WARN[0;39m [35m37824[0;39m [2m---[0;39m [2m[l-1 housekeeper][0;39m [2m[0;39m[36mcom.zaxxer.hikari.pool.HikariPool       [0;39m [2m:[0;39m HikariPool-1 - Thread starvation or clock leap detected (housekeeper delta=4m3s509ms).
[2m2025-06-09T11:43:12.213+10:00[0;39m [33m WARN[0;39m [35m37824[0;39m [2m---[0;39m [2m[l-1 housekeeper][0;39m [2m[0;39m[36mcom.zaxxer.hikari.pool.HikariPool       [0;39m [2m:[0;39m HikariPool-1 - Thread starvation or clock leap detected (housekeeper delta=1m18s59ms).
[2m2025-06-09T11:46:31.080+10:00[0;39m [33m WARN[0;39m [35m37824[0;39m [2m---[0;39m [2m[l-1 housekeeper][0;39m [2m[0;39m[36mcom.zaxxer.hikari.pool.HikariPool       [0;39m [2m:[0;39m HikariPool-1 - Thread starvation or clock leap detected (housekeeper delta=3m18s867ms).
[2m2025-06-09T11:47:49.144+10:00[0;39m [33m WARN[0;39m [35m37824[0;39m [2m---[0;39m [2m[l-1 housekeeper][0;39m [2m[0;39m[36mcom.zaxxer.hikari.pool.HikariPool       [0;39m [2m:[0;39m HikariPool-1 - Thread starvation or clock leap detected (housekeeper delta=1m18s64ms).
[2m2025-06-09T11:48:42.181+10:00[0;39m [33m WARN[0;39m [35m37824[0;39m [2m---[0;39m [2m[l-1 housekeeper][0;39m [2m[0;39m[36mcom.zaxxer.hikari.pool.HikariPool       [0;39m [2m:[0;39m HikariPool-1 - Thread starvation or clock leap detected (housekeeper delta=53s37ms).
[2m2025-06-09T11:52:01.175+10:00[0;39m [33m WARN[0;39m [35m37824[0;39m [2m---[0;39m [2m[l-1 housekeeper][0;39m [2m[0;39m[36mcom.zaxxer.hikari.pool.HikariPool       [0;39m [2m:[0;39m HikariPool-1 - Thread starvation or clock leap detected (housekeeper delta=3m18s994ms).
[2m2025-06-09T11:54:03.838+10:00[0;39m [33m WARN[0;39m [35m37824[0;39m [2m---[0;39m [2m[l-1 housekeeper][0;39m [2m[0;39m[36mcom.zaxxer.hikari.pool.HikariPool       [0;39m [2m:[0;39m HikariPool-1 - Thread starvation or clock leap detected (housekeeper delta=2m2s662ms).
[2m2025-06-09T11:56:34.632+10:00[0;39m [33m WARN[0;39m [35m37824[0;39m [2m---[0;39m [2m[l-1 housekeeper][0;39m [2m[0;39m[36mcom.zaxxer.hikari.pool.HikariPool       [0;39m [2m:[0;39m HikariPool-1 - Thread starvation or clock leap detected (housekeeper delta=2m30s794ms).
[2m2025-06-09T11:59:28.847+10:00[0;39m [33m WARN[0;39m [35m37824[0;39m [2m---[0;39m [2m[l-1 housekeeper][0;39m [2m[0;39m[36mcom.zaxxer.hikari.pool.HikariPool       [0;39m [2m:[0;39m HikariPool-1 - Thread starvation or clock leap detected (housekeeper delta=2m54s216ms).
[2m2025-06-09T12:00:21.187+10:00[0;39m [33m WARN[0;39m [35m37824[0;39m [2m---[0;39m [2m[l-1 housekeeper][0;39m [2m[0;39m[36mcom.zaxxer.hikari.pool.HikariPool       [0;39m [2m:[0;39m HikariPool-1 - Thread starvation or clock leap detected (housekeeper delta=52s340ms).
[2m2025-06-09T12:04:48.995+10:00[0;39m [33m WARN[0;39m [35m37824[0;39m [2m---[0;39m [2m[l-1 housekeeper][0;39m [2m[0;39m[36mcom.zaxxer.hikari.pool.HikariPool       [0;39m [2m:[0;39m HikariPool-1 - Thread starvation or clock leap detected (housekeeper delta=4m27s808ms).
[2m2025-06-09T12:09:25.281+10:00[0;39m [33m WARN[0;39m [35m37824[0;39m [2m---[0;39m [2m[l-1 housekeeper][0;39m [2m[0;39m[36mcom.zaxxer.hikari.pool.HikariPool       [0;39m [2m:[0;39m HikariPool-1 - Thread starvation or clock leap detected (housekeeper delta=4m6s273ms).
[2m2025-06-09T12:10:43.339+10:00[0;39m [33m WARN[0;39m [35m37824[0;39m [2m---[0;39m [2m[l-1 housekeeper][0;39m [2m[0;39m[36mcom.zaxxer.hikari.pool.HikariPool       [0;39m [2m:[0;39m HikariPool-1 - Thread starvation or clock leap detected (housekeeper delta=1m18s59ms).
[2m2025-06-09T12:14:02.207+10:00[0;39m [33m WARN[0;39m [35m37824[0;39m [2m---[0;39m [2m[l-1 housekeeper][0;39m [2m[0;39m[36mcom.zaxxer.hikari.pool.HikariPool       [0;39m [2m:[0;39m HikariPool-1 - Thread starvation or clock leap detected (housekeeper delta=3m18s868ms).
[2m2025-06-09T12:16:08.346+10:00[0;39m [33m WARN[0;39m [35m37824[0;39m [2m---[0;39m [2m[l-1 housekeeper][0;39m [2m[0;39m[36mcom.zaxxer.hikari.pool.HikariPool       [0;39m [2m:[0;39m HikariPool-1 - Thread starvation or clock leap detected (housekeeper delta=2m6s138ms).
[2m2025-06-09T12:18:35.053+10:00[0;39m [33m WARN[0;39m [35m37824[0;39m [2m---[0;39m [2m[l-1 housekeeper][0;39m [2m[0;39m[36mcom.zaxxer.hikari.pool.HikariPool       [0;39m [2m:[0;39m HikariPool-1 - Thread starvation or clock leap detected (housekeeper delta=2m26s708ms).
[2m2025-06-09T12:21:29.760+10:00[0;39m [33m WARN[0;39m [35m37824[0;39m [2m---[0;39m [2m[l-1 housekeeper][0;39m [2m[0;39m[36mcom.zaxxer.hikari.pool.HikariPool       [0;39m [2m:[0;39m HikariPool-1 - Thread starvation or clock leap detected (housekeeper delta=2m54s707ms).
[2m2025-06-09T12:23:11.233+10:00[0;39m [33m WARN[0;39m [35m37824[0;39m [2m---[0;39m [2m[l-1 housekeeper][0;39m [2m[0;39m[36mcom.zaxxer.hikari.pool.HikariPool       [0;39m [2m:[0;39m HikariPool-1 - Thread starvation or clock leap detected (housekeeper delta=1m41s473ms).
[2m2025-06-09T12:26:03.241+10:00[0;39m [33m WARN[0;39m [35m37824[0;39m [2m---[0;39m [2m[l-1 housekeeper][0;39m [2m[0;39m[36mcom.zaxxer.hikari.pool.HikariPool       [0;39m [2m:[0;39m HikariPool-1 - Thread starvation or clock leap detected (housekeeper delta=2m52s7ms).
