
> frontend@0.1.0 start
> react-scripts start

(node:37810) [DEP_WEBPACK_DEV_SERVER_ON_AFTER_SETUP_MIDDLEWARE] DeprecationWarning: 'onAfterSetupMiddleware' option is deprecated. Please use the 'setupMiddlewares' option.
(Use `node --trace-deprecation ...` to show where the warning was created)
(node:37810) [DEP_WEBPACK_DEV_SERVER_ON_BEFORE_SETUP_MIDDLEWARE] DeprecationWarning: 'onBeforeSetupMiddleware' option is deprecated. Please use the 'setupMiddlewares' option.
Starting the development server...

Compiled successfully!

You can now view frontend in the browser.

  Local:            http://localhost:3000
  On Your Network:  http://172.20.10.10:3000

Note that the development build is not optimized.
To create a production build, use npm run build.

webpack compiled successfully
Compiling...
Compiled successfully!
webpack compiled successfully
Compiling...
Compiled successfully!
webpack compiled successfully
Compiling...
Compiled with warnings.

[eslint] 
src/components/FormTree.js
  Line 2:8:  'ComponentNode' is defined but never used  no-unused-vars

Search for the keywords to learn more about each warning.
To ignore, add // eslint-disable-next-line to the line before.

WARNING in [eslint] 
src/components/FormTree.js
  Line 2:8:  'ComponentNode' is defined but never used  no-unused-vars

webpack compiled with 1 warning
Compiling...
Compiled with warnings.

[eslint] 
src/components/FormTree.js
  Line 2:8:  'ComponentNode' is defined but never used  no-unused-vars

Search for the keywords to learn more about each warning.
To ignore, add // eslint-disable-next-line to the line before.

WARNING in [eslint] 
src/components/FormTree.js
  Line 2:8:  'ComponentNode' is defined but never used  no-unused-vars

webpack compiled with 1 warning
Compiling...
Compiled with warnings.

[eslint] 
src/components/FormTree.js
  Line 2:8:  'ComponentNode' is defined but never used  no-unused-vars

src/components/PageEditor.js
  Line 2:8:  'ComponentNode' is defined but never used  no-unused-vars

Search for the keywords to learn more about each warning.
To ignore, add // eslint-disable-next-line to the line before.

WARNING in [eslint] 
src/components/FormTree.js
  Line 2:8:  'ComponentNode' is defined but never used  no-unused-vars

src/components/PageEditor.js
  Line 2:8:  'ComponentNode' is defined but never used  no-unused-vars

webpack compiled with 1 warning
Compiling...
Compiled with warnings.

[eslint] 
src/components/FormTree.js
  Line 2:8:  'ComponentNode' is defined but never used  no-unused-vars

src/components/PageEditor.js
  Line 2:8:  'ComponentNode' is defined but never used  no-unused-vars

Search for the keywords to learn more about each warning.
To ignore, add // eslint-disable-next-line to the line before.

WARNING in [eslint] 
src/components/FormTree.js
  Line 2:8:  'ComponentNode' is defined but never used  no-unused-vars

src/components/PageEditor.js
  Line 2:8:  'ComponentNode' is defined but never used  no-unused-vars

webpack compiled with 1 warning
Compiling...
Compiled with warnings.

[eslint] 
src/components/FormTree.js
  Line 2:8:  'ComponentNode' is defined but never used  no-unused-vars

src/components/PageEditor.js
  Line 97:9:  'renderComponent' is assigned a value but never used  no-unused-vars

Search for the keywords to learn more about each warning.
To ignore, add // eslint-disable-next-line to the line before.

WARNING in [eslint] 
src/components/FormTree.js
  Line 2:8:  'ComponentNode' is defined but never used  no-unused-vars

src/components/PageEditor.js
  Line 97:9:  'renderComponent' is assigned a value but never used  no-unused-vars

webpack compiled with 1 warning
Compiling...
Compiled with warnings.

[eslint] 
src/components/FormTree.js
  Line 2:8:  'ComponentNode' is defined but never used  no-unused-vars

src/components/PageEditor.js
  Line 97:9:  'renderComponent' is assigned a value but never used  no-unused-vars

Search for the keywords to learn more about each warning.
To ignore, add // eslint-disable-next-line to the line before.

WARNING in [eslint] 
src/components/FormTree.js
  Line 2:8:  'ComponentNode' is defined but never used  no-unused-vars

src/components/PageEditor.js
  Line 97:9:  'renderComponent' is assigned a value but never used  no-unused-vars

webpack compiled with 1 warning
Compiling...
Compiled with warnings.

[eslint] 
src/components/FormTree.js
  Line 2:8:  'ComponentNode' is defined but never used  no-unused-vars

src/components/PageEditor.js
  Line 23:9:  'handleComponentClick' is assigned a value but never used     no-unused-vars
  Line 70:9:  'handleDeleteComponent' is assigned a value but never used    no-unused-vars
  Line 83:9:  'handleMoveComponentUp' is assigned a value but never used    no-unused-vars
  Line 90:9:  'handleMoveComponentDown' is assigned a value but never used  no-unused-vars

Search for the keywords to learn more about each warning.
To ignore, add // eslint-disable-next-line to the line before.

WARNING in [eslint] 
src/components/FormTree.js
  Line 2:8:  'ComponentNode' is defined but never used  no-unused-vars

src/components/PageEditor.js
  Line 23:9:  'handleComponentClick' is assigned a value but never used     no-unused-vars
  Line 70:9:  'handleDeleteComponent' is assigned a value but never used    no-unused-vars
  Line 83:9:  'handleMoveComponentUp' is assigned a value but never used    no-unused-vars
  Line 90:9:  'handleMoveComponentDown' is assigned a value but never used  no-unused-vars

webpack compiled with 1 warning
Compiling...
Compiled with warnings.

[eslint] 
src/components/FormTree.js
  Line 2:8:  'ComponentNode' is defined but never used  no-unused-vars

src/components/PageEditor.js
  Line 23:9:  'handleComponentClick' is assigned a value but never used     no-unused-vars
  Line 70:9:  'handleDeleteComponent' is assigned a value but never used    no-unused-vars
  Line 83:9:  'handleMoveComponentUp' is assigned a value but never used    no-unused-vars
  Line 90:9:  'handleMoveComponentDown' is assigned a value but never used  no-unused-vars

Search for the keywords to learn more about each warning.
To ignore, add // eslint-disable-next-line to the line before.

WARNING in [eslint] 
src/components/FormTree.js
  Line 2:8:  'ComponentNode' is defined but never used  no-unused-vars

src/components/PageEditor.js
  Line 23:9:  'handleComponentClick' is assigned a value but never used     no-unused-vars
  Line 70:9:  'handleDeleteComponent' is assigned a value but never used    no-unused-vars
  Line 83:9:  'handleMoveComponentUp' is assigned a value but never used    no-unused-vars
  Line 90:9:  'handleMoveComponentDown' is assigned a value but never used  no-unused-vars

webpack compiled with 1 warning
Compiling...
Compiled with warnings.

[eslint] 
src/components/FormTree.js
  Line 2:8:  'ComponentNode' is defined but never used  no-unused-vars

src/components/PageEditor.js
  Line 23:9:  'handleComponentClick' is assigned a value but never used     no-unused-vars
  Line 70:9:  'handleDeleteComponent' is assigned a value but never used    no-unused-vars
  Line 83:9:  'handleMoveComponentUp' is assigned a value but never used    no-unused-vars
  Line 90:9:  'handleMoveComponentDown' is assigned a value but never used  no-unused-vars

Search for the keywords to learn more about each warning.
To ignore, add // eslint-disable-next-line to the line before.

WARNING in [eslint] 
src/components/FormTree.js
  Line 2:8:  'ComponentNode' is defined but never used  no-unused-vars

src/components/PageEditor.js
  Line 23:9:  'handleComponentClick' is assigned a value but never used     no-unused-vars
  Line 70:9:  'handleDeleteComponent' is assigned a value but never used    no-unused-vars
  Line 83:9:  'handleMoveComponentUp' is assigned a value but never used    no-unused-vars
  Line 90:9:  'handleMoveComponentDown' is assigned a value but never used  no-unused-vars

webpack compiled with 1 warning
Compiling...
Compiled with warnings.

[eslint] 
src/components/FormTree.js
  Line 2:8:  'ComponentNode' is defined but never used  no-unused-vars

src/components/PageEditor.js
  Line 23:9:  'handleComponentClick' is assigned a value but never used     no-unused-vars
  Line 70:9:  'handleDeleteComponent' is assigned a value but never used    no-unused-vars
  Line 83:9:  'handleMoveComponentUp' is assigned a value but never used    no-unused-vars
  Line 90:9:  'handleMoveComponentDown' is assigned a value but never used  no-unused-vars

Search for the keywords to learn more about each warning.
To ignore, add // eslint-disable-next-line to the line before.

WARNING in [eslint] 
src/components/FormTree.js
  Line 2:8:  'ComponentNode' is defined but never used  no-unused-vars

src/components/PageEditor.js
  Line 23:9:  'handleComponentClick' is assigned a value but never used     no-unused-vars
  Line 70:9:  'handleDeleteComponent' is assigned a value but never used    no-unused-vars
  Line 83:9:  'handleMoveComponentUp' is assigned a value but never used    no-unused-vars
  Line 90:9:  'handleMoveComponentDown' is assigned a value but never used  no-unused-vars

webpack compiled with 1 warning
